<?xml version="1.0" encoding="UTF-8"?>
<!-- Generated by org.testng.reporters.JUnitXMLReporter -->
<testsuite hostname="Prakashs-MacBook-Pro.local" ignored="0" name="Default test" tests="5" failures="0" timestamp="01 Nov 2018 14:41:26 GMT" time="28.795" errors="0">
  <testcase name="comparePricesInDifferentPages_Pass1" time="3.282" classname="com.qa.test.Day2Test"/>
  <testcase name="verifyLoginSection_Invalid1" time="3.8" classname="com.qa.test.Day2Test"/>
  <testcase name="verifyLoginSection_Invalid2" time="3.267" classname="com.qa.test.Day2Test"/>
  <testcase name="verifyLoginSection_Invalid3" time="3.77" classname="com.qa.test.Day2Test"/>
  <testcase name="verifyUpdateQuantityErrorMessage_Pass1" time="5.218" classname="com.qa.test.Day2Test"/>
</testsuite> <!-- Default test -->
