<?xml version="1.0" encoding="UTF-8" ?>
<testsuite tests="5" failures="0" name="com.qa.test.Day2Test" time="17.642" errors="0" skipped="0">
  <properties>
[...]
</properties>
  <testcase classname="com.qa.test.Day2Test" name="comparePricesInDifferentPages_Pass1" time="2.786"/>
  <testcase classname="com.qa.test.Day2Test" name="verifyLoginSection_Invalid1" time="3.741"/>
  <testcase classname="com.qa.test.Day2Test" name="verifyLoginSection_Invalid2" time="3.084"/>
  <testcase classname="com.qa.test.Day2Test" name="verifyLoginSection_Invalid3" time="3.612"/>
  <testcase classname="com.qa.test.Day2Test" name="verifyUpdateQuantityErrorMessage_Pass1" time="4.419"/>
</testsuite>