<?xml version="1.0" encoding="UTF-8"?>
<testng-results skipped="0" failed="0" ignored="0" total="5" passed="5">
  <reporter-output>
  </reporter-output>
  <suite name="com.qa.test.Day2Test" duration-ms="26862" started-at="2018-11-01T14:41:49Z" finished-at="2018-11-01T14:42:16Z">
    <groups>
    </groups>
    <test name="Command line test" duration-ms="26862" started-at="2018-11-01T14:41:49Z" finished-at="2018-11-01T14:42:16Z">
      <class name="com.qa.test.Day2Test">
        <test-method status="PASS" signature="beforeTest()[pri:0, instance:com.qa.test.Day2Test@17c68925]" name="beforeTest" is-config="true" duration-ms="2365" started-at="2018-11-01T07:41:49Z" finished-at="2018-11-01T07:41:51Z">
          <reporter-output>
          </reporter-output>
        </test-method> <!-- beforeTest -->
        <test-method status="PASS" signature="comparePricesInDifferentPages_Pass1()[pri:0, instance:com.qa.test.Day2Test@17c68925]" name="comparePricesInDifferentPages_Pass1" duration-ms="2786" started-at="2018-11-01T07:41:51Z" finished-at="2018-11-01T07:41:54Z">
          <reporter-output>
          </reporter-output>
        </test-method> <!-- comparePricesInDifferentPages_Pass1 -->
        <test-method status="PASS" signature="cleanUp()[pri:0, instance:com.qa.test.Day2Test@17c68925]" name="cleanUp" is-config="true" duration-ms="100" started-at="2018-11-01T07:41:54Z" finished-at="2018-11-01T07:41:54Z">
          <reporter-output>
          </reporter-output>
        </test-method> <!-- cleanUp -->
        <test-method status="PASS" signature="beforeTest()[pri:0, instance:com.qa.test.Day2Test@17c68925]" name="beforeTest" is-config="true" duration-ms="1608" started-at="2018-11-01T07:41:54Z" finished-at="2018-11-01T07:41:56Z">
          <reporter-output>
          </reporter-output>
        </test-method> <!-- beforeTest -->
        <test-method status="PASS" signature="verifyLoginSection_Invalid1()[pri:0, instance:com.qa.test.Day2Test@17c68925]" name="verifyLoginSection_Invalid1" duration-ms="3740" started-at="2018-11-01T07:41:56Z" finished-at="2018-11-01T07:42:00Z">
          <reporter-output>
          </reporter-output>
        </test-method> <!-- verifyLoginSection_Invalid1 -->
        <test-method status="PASS" signature="cleanUp()[pri:0, instance:com.qa.test.Day2Test@17c68925]" name="cleanUp" is-config="true" duration-ms="97" started-at="2018-11-01T07:42:00Z" finished-at="2018-11-01T07:42:00Z">
          <reporter-output>
          </reporter-output>
        </test-method> <!-- cleanUp -->
        <test-method status="PASS" signature="beforeTest()[pri:0, instance:com.qa.test.Day2Test@17c68925]" name="beforeTest" is-config="true" duration-ms="1617" started-at="2018-11-01T07:42:00Z" finished-at="2018-11-01T07:42:01Z">
          <reporter-output>
          </reporter-output>
        </test-method> <!-- beforeTest -->
        <test-method status="PASS" signature="verifyLoginSection_Invalid2()[pri:0, instance:com.qa.test.Day2Test@17c68925]" name="verifyLoginSection_Invalid2" duration-ms="3085" started-at="2018-11-01T07:42:01Z" finished-at="2018-11-01T07:42:05Z">
          <reporter-output>
          </reporter-output>
        </test-method> <!-- verifyLoginSection_Invalid2 -->
        <test-method status="PASS" signature="cleanUp()[pri:0, instance:com.qa.test.Day2Test@17c68925]" name="cleanUp" is-config="true" duration-ms="89" started-at="2018-11-01T07:42:05Z" finished-at="2018-11-01T07:42:05Z">
          <reporter-output>
          </reporter-output>
        </test-method> <!-- cleanUp -->
        <test-method status="PASS" signature="beforeTest()[pri:0, instance:com.qa.test.Day2Test@17c68925]" name="beforeTest" is-config="true" duration-ms="1565" started-at="2018-11-01T07:42:05Z" finished-at="2018-11-01T07:42:06Z">
          <reporter-output>
          </reporter-output>
        </test-method> <!-- beforeTest -->
        <test-method status="PASS" signature="verifyLoginSection_Invalid3()[pri:0, instance:com.qa.test.Day2Test@17c68925]" name="verifyLoginSection_Invalid3" duration-ms="3612" started-at="2018-11-01T07:42:06Z" finished-at="2018-11-01T07:42:10Z">
          <reporter-output>
          </reporter-output>
        </test-method> <!-- verifyLoginSection_Invalid3 -->
        <test-method status="PASS" signature="cleanUp()[pri:0, instance:com.qa.test.Day2Test@17c68925]" name="cleanUp" is-config="true" duration-ms="89" started-at="2018-11-01T07:42:10Z" finished-at="2018-11-01T07:42:10Z">
          <reporter-output>
          </reporter-output>
        </test-method> <!-- cleanUp -->
        <test-method status="PASS" signature="beforeTest()[pri:0, instance:com.qa.test.Day2Test@17c68925]" name="beforeTest" is-config="true" duration-ms="1582" started-at="2018-11-01T07:42:10Z" finished-at="2018-11-01T07:42:11Z">
          <reporter-output>
          </reporter-output>
        </test-method> <!-- beforeTest -->
        <test-method status="PASS" signature="verifyUpdateQuantityErrorMessage_Pass1()[pri:0, instance:com.qa.test.Day2Test@17c68925]" name="verifyUpdateQuantityErrorMessage_Pass1" duration-ms="4420" started-at="2018-11-01T07:42:11Z" finished-at="2018-11-01T07:42:16Z">
          <reporter-output>
          </reporter-output>
        </test-method> <!-- verifyUpdateQuantityErrorMessage_Pass1 -->
        <test-method status="PASS" signature="cleanUp()[pri:0, instance:com.qa.test.Day2Test@17c68925]" name="cleanUp" is-config="true" duration-ms="78" started-at="2018-11-01T07:42:16Z" finished-at="2018-11-01T07:42:16Z">
          <reporter-output>
          </reporter-output>
        </test-method> <!-- cleanUp -->
      </class> <!-- com.qa.test.Day2Test -->
    </test> <!-- Command line test -->
  </suite> <!-- com.qa.test.Day2Test -->
</testng-results>
