<?xml version="1.0" encoding="UTF-8"?>
<!-- Generated by org.testng.reporters.JUnitXMLReporter -->
<testsuite hostname="Prakashs-MacBook-Pro.local" ignored="0" name="Command line test" tests="5" failures="0" timestamp="01 Nov 2018 14:42:16 GMT" time="26.862" errors="0">
  <testcase name="comparePricesInDifferentPages_Pass1" time="2.786" classname="com.qa.test.Day2Test"/>
  <testcase name="verifyLoginSection_Invalid1" time="3.74" classname="com.qa.test.Day2Test"/>
  <testcase name="verifyLoginSection_Invalid2" time="3.085" classname="com.qa.test.Day2Test"/>
  <testcase name="verifyLoginSection_Invalid3" time="3.612" classname="com.qa.test.Day2Test"/>
  <testcase name="verifyUpdateQuantityErrorMessage_Pass1" time="4.42" classname="com.qa.test.Day2Test"/>
</testsuite> <!-- Command line test -->
